<?xml version="1.0" encoding="UTF-8"?>
<!-- Generated by org.testng.reporters.JUnitReportReporter -->
<testsuite skipped="0" hostname="DESKTOP-GS0RBFE" name="com.class2.Priority" tests="4" failures="0" timestamp="30 May 2019 23:05:31 GMT" time="0.010" errors="0">
  <testcase name="first" time="0.007" classname="com.class2.Priority"/>
  <testcase name="second" time="0.001" classname="com.class2.Priority"/>
  <testcase name="third" time="0.001" classname="com.class2.Priority"/>
  <testcase name="forth" time="0.001" classname="com.class2.Priority"/>
</testsuite> <!-- com.class2.Priority -->
