<?xml version="1.0" encoding="UTF-8"?>
<!-- Generated by org.testng.reporters.JUnitReportReporter -->
<testsuite skipped="0" hostname="DESKTOP-GS0RBFE" name="com.class01.Task" tests="1" failures="0" timestamp="30 May 2019 21:26:16 GMT" time="8.361" errors="0">
  <testcase name="login" time="8.361" classname="com.class01.Task"/>
</testsuite> <!-- com.class01.Task -->
