<?xml version="1.0" encoding="UTF-8"?>
<!-- Generated by org.testng.reporters.JUnitReportReporter -->
<testsuite skipped="0" hostname="DESKTOP-GS0RBFE" name="com.class4.Task1" tests="1" failures="0" timestamp="07 Jun 2019 00:20:26 GMT" time="5.263" errors="0">
  <testcase name="userName2" time="5.263" classname="com.class4.Task1"/>
</testsuite> <!-- com.class4.Task1 -->
