<?xml version="1.0" encoding="UTF-8"?>
<!-- Generated by org.testng.reporters.JUnitReportReporter -->
<testsuite skipped="0" hostname="DESKTOP-GS0RBFE" name="com.class2.HomeWork1" tests="3" failures="0" timestamp="06 Jun 2019 23:08:05 GMT" time="8.945" errors="0">
  <testcase name="logIn" time="1.257" classname="com.class2.HomeWork1"/>
  <testcase name="addEmployee" time="7.637" classname="com.class2.HomeWork1"/>
  <testcase name="verifyEmp" time="0.051" classname="com.class2.HomeWork1"/>
</testsuite> <!-- com.class2.HomeWork1 -->
