<?xml version="1.0" encoding="UTF-8"?>
<!-- Generated by org.testng.reporters.JUnitReportReporter -->
<testsuite skipped="0" hostname="DESKTOP-GS0RBFE" name="com.class5.DemoTest" tests="1" failures="0" timestamp="12 Jun 2019 01:55:35 GMT" time="5.354" errors="0">
  <testcase name="testCrossBrowser" time="5.354" classname="com.class5.DemoTest"/>
</testsuite> <!-- com.class5.DemoTest -->
