<?xml version="1.0" encoding="UTF-8"?>
<!-- Generated by org.testng.reporters.JUnitReportReporter -->
<testsuite skipped="0" hostname="DESKTOP-GS0RBFE" name="com.class3.DependOnGroups" tests="3" failures="0" timestamp="06 Jun 2019 01:46:09 GMT" time="0.012" errors="0">
  <testcase name="two" time="0.001" classname="com.class3.DependOnGroups"/>
  <testcase name="one" time="0.011" classname="com.class3.DependOnGroups"/>
  <testcase name="othree" time="0.000" classname="com.class3.DependOnGroups"/>
</testsuite> <!-- com.class3.DependOnGroups -->
