<?xml version="1.0" encoding="UTF-8"?>
<!-- Generated by org.testng.reporters.JUnitReportReporter -->
<testsuite skipped="0" hostname="DESKTOP-GS0RBFE" name="com.class01.beforeAndAfterMethod" tests="2" failures="0" timestamp="06 Jun 2019 00:22:00 GMT" time="0.009" errors="0">
  <testcase name="testMethodOne" time="0.008" classname="com.class01.beforeAndAfterMethod"/>
  <testcase name="testMethodTwo" time="0.001" classname="com.class01.beforeAndAfterMethod"/>
</testsuite> <!-- com.class01.beforeAndAfterMethod -->
