<?xml version="1.0" encoding="UTF-8"?>
<!-- Generated by org.testng.reporters.JUnitReportReporter -->
<testsuite skipped="0" hostname="DESKTOP-GS0RBFE" name="com.class3.MethodsExample" tests="4" failures="0" timestamp="06 Jun 2019 23:10:10 GMT" time="0.000" errors="0">
  <testcase name="Three" time="0.000" classname="com.class3.MethodsExample"/>
  <testcase name="Four" time="0.000" classname="com.class3.MethodsExample"/>
  <testcase name="Two" time="0.000" classname="com.class3.MethodsExample"/>
  <testcase name="One" time="0.000" classname="com.class3.MethodsExample"/>
</testsuite> <!-- com.class3.MethodsExample -->
