<?xml version="1.0" encoding="UTF-8"?>
<!-- Generated by org.testng.reporters.JUnitReportReporter -->
<testsuite skipped="2" hostname="DESKTOP-GS0RBFE" name="com.class2.enabledAndDisabled" tests="4" failures="0" timestamp="30 May 2019 23:44:41 GMT" time="0.009" errors="0">
  <testcase name="second" time="0.008" classname="com.class2.enabledAndDisabled"/>
  <testcase name="forth" time="0.001" classname="com.class2.enabledAndDisabled"/>
  <testcase name="third" classname="com.class2.enabledAndDisabled">
    <skipped/>
  </testcase> <!-- third -->
  <testcase name="first" classname="com.class2.enabledAndDisabled">
    <skipped/>
  </testcase> <!-- first -->
</testsuite> <!-- com.class2.enabledAndDisabled -->
