<?xml version="1.0" encoding="UTF-8"?>
<!-- Generated by org.testng.reporters.JUnitReportReporter -->
<testsuite skipped="0" hostname="DESKTOP-GS0RBFE" name="com.class3.DependsOnMethods" tests="3" failures="0" timestamp="06 Jun 2019 01:46:26 GMT" time="0.011" errors="0">
  <testcase name="one" time="0.009" classname="com.class3.DependsOnMethods"/>
  <testcase name="two" time="0.001" classname="com.class3.DependsOnMethods"/>
  <testcase name="othree" time="0.001" classname="com.class3.DependsOnMethods"/>
</testsuite> <!-- com.class3.DependsOnMethods -->
