<?xml version="1.0" encoding="UTF-8"?>
<!-- Generated by org.testng.reporters.JUnitReportReporter -->
<testsuite skipped="0" hostname="DESKTOP-GS0RBFE" name="com.class01.orangehrmExample" tests="1" failures="0" timestamp="29 May 2019 01:55:26 GMT" time="9.362" errors="0">
  <testcase name="login" time="9.362" classname="com.class01.orangehrmExample"/>
</testsuite> <!-- com.class01.orangehrmExample -->
