<?xml version="1.0" encoding="UTF-8"?>
<!-- Generated by org.testng.reporters.JUnitReportReporter -->
<testsuite skipped="0" hostname="DESKTOP-GS0RBFE" name="com.class2.Task" tests="1" failures="0" timestamp="31 May 2019 00:05:07 GMT" time="7.352" errors="0">
  <testcase name="login" time="7.352" classname="com.class2.Task"/>
</testsuite> <!-- com.class2.Task -->
