<?xml version="1.0" encoding="UTF-8"?>
<!-- Generated by org.testng.reporters.JUnitReportReporter -->
<testsuite skipped="0" hostname="DESKTOP-GS0RBFE" name="com.class2.priorityExampleTwo" tests="2" failures="0" timestamp="30 May 2019 23:37:47 GMT" time="1.074" errors="0">
  <testcase name="login" time="1.042" classname="com.class2.priorityExampleTwo"/>
  <testcase name="mainPage" time="0.032" classname="com.class2.priorityExampleTwo"/>
</testsuite> <!-- com.class2.priorityExampleTwo -->
