<?xml version="1.0" encoding="UTF-8"?>
<!-- Generated by org.testng.reporters.JUnitReportReporter -->
<testsuite skipped="0" hostname="DESKTOP-GS0RBFE" name="com.class4.Task2" tests="1" failures="0" timestamp="07 Jun 2019 01:33:34 GMT" time="5.138" errors="0">
  <testcase name="userName1" time="5.138" classname="com.class4.Task2"/>
</testsuite> <!-- com.class4.Task2 -->
