<?xml version="1.0" encoding="UTF-8"?>
<!-- Generated by org.testng.reporters.JUnitReportReporter -->
<testsuite skipped="0" hostname="DESKTOP-GS0RBFE" name="com.class01.Task2" tests="1" failures="0" timestamp="30 May 2019 21:42:19 GMT" time="0.003" errors="0">
  <testcase name="aTest" time="0.003" classname="com.class01.Task2"/>
</testsuite> <!-- com.class01.Task2 -->
