<?xml version="1.0" encoding="UTF-8"?>
<!-- Generated by org.testng.reporters.JUnitReportReporter -->
<testsuite skipped="0" hostname="DESKTOP-GS0RBFE" name="com.class01.test" tests="2" failures="0" timestamp="29 May 2019 01:12:55 GMT" time="0.008" errors="0">
  <testcase name="test" time="0.001" classname="com.class01.test"/>
  <testcase name="a" time="0.007" classname="com.class01.test"/>
</testsuite> <!-- com.class01.test -->
